Open5GS daemon v2.7.0-66-gdcdfc97

03/09 08:42:55.821: [app] INFO: Configuration: '/open5gs/install/etc/open5gs/amf.yaml' (../lib/app/ogs-init.c:130)
03/09 08:42:55.821: [app] INFO: File Logging: '/open5gs/install/var/log/open5gs/amf.log' (../lib/app/ogs-init.c:133)
03/09 08:42:55.826: [metrics] INFO: metrics_server() [http://172.22.0.10]:9091 (../lib/metrics/prometheus/context.c:299)
03/09 08:42:55.826: [sbi] INFO: NF Service [namf-comm] (../lib/sbi/context.c:1812)
03/09 08:42:55.826: [sbi] INFO: nghttp2_server() [http://172.22.0.10]:7777 (../lib/sbi/nghttp2-server.c:414)
03/09 08:42:55.853: [amf] INFO: ngap_server() [172.22.0.10]:38412 (../src/amf/ngap-sctp.c:61)
03/09 08:42:55.854: [sctp] INFO: AMF initialize...done (../src/amf/app.c:33)
03/09 08:42:55.857: [sbi] INFO: [06566c0e-ddf1-41ee-bf3f-f9e2dbe98690] NF registered [Heartbeat:10s] (../lib/sbi/nf-sm.c:221)
03/09 08:42:55.861: [sbi] INFO: [065b8284-ddf1-41ee-b83b-3335fcd424ff] Subscription created until 2024-03-10T08:42:55.858152+00:00 [duration:86400,validity:86399.996678,patch:43199.998339] (../lib/sbi/nnrf-handler.c:710)
03/09 08:42:55.861: [sbi] INFO: [065ba8b8-ddf1-41ee-b83b-3335fcd424ff] Subscription created until 2024-03-10T08:42:55.859129+00:00 [duration:86400,validity:86399.997594,patch:43199.998797] (../lib/sbi/nnrf-handler.c:710)
03/09 08:42:55.861: [sbi] INFO: [065bc44c-ddf1-41ee-b83b-3335fcd424ff] Subscription created until 2024-03-10T08:42:55.859836+00:00 [duration:86400,validity:86399.998174,patch:43199.999087] (../lib/sbi/nnrf-handler.c:710)
03/09 08:42:55.861: [sbi] INFO: [065bcc76-ddf1-41ee-b83b-3335fcd424ff] Subscription created until 2024-03-10T08:42:55.860040+00:00 [duration:86400,validity:86399.998335,patch:43199.999167] (../lib/sbi/nnrf-handler.c:710)
03/09 08:42:55.861: [sbi] INFO: [065be562-ddf1-41ee-b83b-3335fcd424ff] Subscription created until 2024-03-10T08:42:55.860679+00:00 [duration:86400,validity:86399.998903,patch:43199.999451] (../lib/sbi/nnrf-handler.c:710)
03/09 08:42:55.861: [sbi] INFO: [065bec9c-ddf1-41ee-b83b-3335fcd424ff] Subscription created until 2024-03-10T08:42:55.860862+00:00 [duration:86400,validity:86399.999021,patch:43199.999510] (../lib/sbi/nnrf-handler.c:710)
03/09 08:42:55.861: [sbi] INFO: [065bf570-ddf1-41ee-b83b-3335fcd424ff] Subscription created until 2024-03-10T08:42:55.861087+00:00 [duration:86400,validity:86399.999184,patch:43199.999592] (../lib/sbi/nnrf-handler.c:710)
03/09 08:42:56.514: [sbi] INFO: (NRF-notify) NF registered [06b50f5c-ddf1-41ee-8808-fb01ac710687:1] (../lib/sbi/nnrf-handler.c:926)
03/09 08:42:56.514: [sbi] INFO: [SMF] (NRF-notify) NF Profile updated [06b50f5c-ddf1-41ee-8808-fb01ac710687:1] (../lib/sbi/nnrf-handler.c:940)
03/09 08:43:05.630: [sbi] INFO: (NRF-notify) NF registered [0c2d1dbc-ddf1-41ee-b861-1be7614889bd:1] (../lib/sbi/nnrf-handler.c:926)
03/09 08:43:05.630: [sbi] INFO: [PCF] (NRF-notify) NF Profile updated [0c2d1dbc-ddf1-41ee-b861-1be7614889bd:1] (../lib/sbi/nnrf-handler.c:940)
03/09 08:48:29.071: [amf] INFO: gNB-N2 accepted[172.22.0.23]:35111 in ng-path module (../src/amf/ngap-sctp.c:113)
03/09 08:48:29.071: [amf] INFO: gNB-N2 accepted[172.22.0.23] in master_sm module (../src/amf/amf-sm.c:736)
03/09 08:48:29.080: [amf] INFO: [Added] Number of gNBs is now 1 (../src/amf/context.c:1235)
03/09 08:48:29.080: [amf] INFO: gNB-N2[172.22.0.23] max_num_of_ostreams : 10 (../src/amf/amf-sm.c:775)
03/09 08:48:56.486: [amf] INFO: InitialUEMessage (../src/amf/ngap-handler.c:401)
03/09 08:48:56.486: [amf] INFO: [Added] Number of gNB-UEs is now 1 (../src/amf/context.c:2555)
03/09 08:48:56.486: [amf] INFO:     RAN_UE_NGAP_ID[1] AMF_UE_NGAP_ID[1] TAC[1] CellID[0x10] (../src/amf/ngap-handler.c:562)
03/09 08:48:56.486: [amf] INFO: [suci-0-001-01-0000-0-0-1234567895] Unknown UE by SUCI (../src/amf/context.c:1839)
03/09 08:48:56.486: [amf] INFO: [Added] Number of AMF-UEs is now 1 (../src/amf/context.c:1620)
03/09 08:48:56.486: [gmm] INFO: Registration request (../src/amf/gmm-sm.c:1165)
03/09 08:48:56.486: [gmm] INFO: [suci-0-001-01-0000-0-0-1234567895]    SUCI (../src/amf/gmm-handler.c:166)
03/09 08:48:56.494: [sbi] INFO: [AUSF] (SCP-discover) NF registered [06015426-ddf1-41ee-81a8-8385335dfbe2:1] (../lib/sbi/path.c:211)
03/09 08:48:56.494: [gmm] WARNING: [suci-0-001-01-0000-0-0-1234567895] Cannot find SUCI [404] (../src/amf/gmm-sm.c:1704)
03/09 08:48:56.495: [amf] WARNING: [suci-0-001-01-0000-0-0-1234567895] Registration reject [11] (../src/amf/nas-path.c:206)
03/09 08:48:56.495: [amf] INFO: UE Context Release [Action:3] (../src/amf/ngap-handler.c:1698)
03/09 08:48:56.495: [amf] INFO:     RAN_UE_NGAP_ID[1] AMF_UE_NGAP_ID[1] (../src/amf/ngap-handler.c:1699)
03/09 08:48:56.495: [amf] INFO:     SUCI[suci-0-001-01-0000-0-0-1234567895] (../src/amf/ngap-handler.c:1702)
03/09 08:48:56.495: [amf] INFO: [Removed] Number of gNB-UEs is now 0 (../src/amf/context.c:2562)
03/09 08:48:56.495: [amf] INFO: [Removed] Number of AMF-UEs is now 0 (../src/amf/context.c:1713)
03/09 08:52:58.322: [amf] INFO: InitialUEMessage (../src/amf/ngap-handler.c:401)
03/09 08:52:58.323: [amf] INFO: [Added] Number of gNB-UEs is now 1 (../src/amf/context.c:2555)
03/09 08:52:58.323: [amf] INFO:     RAN_UE_NGAP_ID[2] AMF_UE_NGAP_ID[2] TAC[1] CellID[0x10] (../src/amf/ngap-handler.c:562)
03/09 08:52:58.323: [amf] INFO: [suci-0-001-01-0000-0-0-1234567895] Unknown UE by SUCI (../src/amf/context.c:1839)
03/09 08:52:58.323: [amf] INFO: [Added] Number of AMF-UEs is now 1 (../src/amf/context.c:1620)
03/09 08:52:58.323: [gmm] INFO: Registration request (../src/amf/gmm-sm.c:1165)
03/09 08:52:58.323: [gmm] INFO: [suci-0-001-01-0000-0-0-1234567895]    SUCI (../src/amf/gmm-handler.c:166)
03/09 08:52:58.329: [sbi] WARNING: [AUSF] (SCP-discover) NF has already been added [06015426-ddf1-41ee-81a8-8385335dfbe2:1] (../lib/sbi/path.c:216)
03/09 08:52:58.330: [gmm] WARNING: Authentication failure(Synch failure) (../src/amf/gmm-sm.c:1599)
03/09 08:52:58.341: [sbi] INFO: [UDM] (SCP-discover) NF registered [0610e878-ddf1-41ee-8dea-0d1979c251a8:1] (../lib/sbi/path.c:211)
03/09 08:52:58.343: [sbi] WARNING: [UDM] (SCP-discover) NF has already been added [0610e878-ddf1-41ee-8dea-0d1979c251a8:2] (../lib/sbi/path.c:216)
03/09 08:52:58.550: [gmm] INFO: [imsi-001011234567895] Registration complete (../src/amf/gmm-sm.c:2195)
03/09 08:52:58.551: [amf] INFO: [imsi-001011234567895] Configuration update command (../src/amf/nas-path.c:596)
03/09 08:52:58.551: [gmm] INFO:     UTC [2024-03-09T08:52:58] Timezone[0]/DST[0] (../src/amf/gmm-build.c:558)
03/09 08:52:58.551: [gmm] INFO:     LOCAL [2024-03-09T08:52:58] Timezone[0]/DST[0] (../src/amf/gmm-build.c:563)
03/09 08:52:58.551: [amf] INFO: [Added] Number of AMF-Sessions is now 1 (../src/amf/context.c:2576)
03/09 08:52:58.551: [gmm] INFO: UE SUPI[imsi-001011234567895] DNN[internet] S_NSSAI[SST:1 SD:0xffffff] smContextRef [NULL] (../src/amf/gmm-handler.c:1242)
03/09 08:52:58.551: [gmm] INFO: SMF Instance [06b50f5c-ddf1-41ee-8808-fb01ac710687] (../src/amf/gmm-handler.c:1281)
03/09 08:52:58.572: [amf] INFO: [imsi-001011234567895:1:11][0:0:NULL] /nsmf-pdusession/v1/sm-contexts/{smContextRef}/modify (../src/amf/nsmf-handler.c:867)
