Open5GS daemon v2.7.0-66-gdcdfc97

03/09 08:42:54.763: [app] INFO: Configuration: '/open5gs/install/etc/open5gs/nrf.yaml' (../lib/app/ogs-init.c:130)
03/09 08:42:54.763: [app] INFO: File Logging: '/open5gs/install/var/log/open5gs/nrf.log' (../lib/app/ogs-init.c:133)
03/09 08:42:54.777: [sbi] INFO: nghttp2_server() [http://172.22.0.12]:7777 (../lib/sbi/nghttp2-server.c:414)
03/09 08:42:54.778: [app] INFO: NRF initialize...done (../src/nrf/app.c:31)
03/09 08:42:54.778: [nrf] INFO: [05b67d8e-ddf1-41ee-9046-675bbd345aad] NF registered [Heartbeat:10s] (../src/nrf/nf-sm.c:190)
03/09 08:42:54.781: [nrf] INFO: [05b7475a-ddf1-41ee-b83b-3335fcd424ff] Subscription created until 2024-03-10T08:42:54.781851+00:00 [validity_duration:86400] (../src/nrf/nnrf-handler.c:445)
03/09 08:42:54.781: [nrf] INFO: [05b74c46-ddf1-41ee-b83b-3335fcd424ff] Subscription created until 2024-03-10T08:42:54.781965+00:00 [validity_duration:86400] (../src/nrf/nnrf-handler.c:445)
03/09 08:42:54.782: [nrf] INFO: [05b74f16-ddf1-41ee-b83b-3335fcd424ff] Subscription created until 2024-03-10T08:42:54.782036+00:00 [validity_duration:86400] (../src/nrf/nnrf-handler.c:445)
03/09 08:42:54.782: [nrf] INFO: [05b7516e-ddf1-41ee-b83b-3335fcd424ff] Subscription created until 2024-03-10T08:42:54.782095+00:00 [validity_duration:86400] (../src/nrf/nnrf-handler.c:445)
03/09 08:42:54.782: [nrf] INFO: [05b753b2-ddf1-41ee-b83b-3335fcd424ff] Subscription created until 2024-03-10T08:42:54.782152+00:00 [validity_duration:86400] (../src/nrf/nnrf-handler.c:445)
03/09 08:42:54.782: [nrf] INFO: [05b7560a-ddf1-41ee-b83b-3335fcd424ff] Subscription created until 2024-03-10T08:42:54.782215+00:00 [validity_duration:86400] (../src/nrf/nnrf-handler.c:445)
03/09 08:42:54.782: [nrf] INFO: [05b75858-ddf1-41ee-b83b-3335fcd424ff] Subscription created until 2024-03-10T08:42:54.782272+00:00 [validity_duration:86400] (../src/nrf/nnrf-handler.c:445)
03/09 08:42:54.782: [nrf] INFO: [05b75a7e-ddf1-41ee-b83b-3335fcd424ff] Subscription created until 2024-03-10T08:42:54.782326+00:00 [validity_duration:86400] (../src/nrf/nnrf-handler.c:445)
03/09 08:42:54.782: [nrf] INFO: [05b75fe2-ddf1-41ee-b83b-3335fcd424ff] Subscription created until 2024-03-10T08:42:54.782466+00:00 [validity_duration:86400] (../src/nrf/nnrf-handler.c:445)
03/09 08:42:55.136: [nrf] INFO: [05ece6b2-ddf1-41ee-a38f-49c39f08bb78] NF registered [Heartbeat:10s] (../src/nrf/nf-sm.c:190)
03/09 08:42:55.140: [nrf] INFO: [05edf0c0-ddf1-41ee-b83b-3335fcd424ff] Subscription created until 2024-03-10T08:42:55.140075+00:00 [validity_duration:86400] (../src/nrf/nnrf-handler.c:445)
03/09 08:42:55.268: [nrf] INFO: [06015426-ddf1-41ee-81a8-8385335dfbe2] NF registered [Heartbeat:10s] (../src/nrf/nf-sm.c:190)
03/09 08:42:55.270: [nrf] INFO: [0601cd02-ddf1-41ee-b83b-3335fcd424ff] Subscription created until 2024-03-10T08:42:55.270231+00:00 [validity_duration:86400] (../src/nrf/nnrf-handler.c:445)
03/09 08:42:55.270: [nrf] INFO: [0601d3a6-ddf1-41ee-b83b-3335fcd424ff] Subscription created until 2024-03-10T08:42:55.270398+00:00 [validity_duration:86400] (../src/nrf/nnrf-handler.c:445)
03/09 08:42:55.371: [nrf] INFO: [0610e878-ddf1-41ee-8dea-0d1979c251a8] NF registered [Heartbeat:10s] (../src/nrf/nf-sm.c:190)
03/09 08:42:55.373: [nrf] INFO: [06119dae-ddf1-41ee-b83b-3335fcd424ff] Subscription created until 2024-03-10T08:42:55.373880+00:00 [validity_duration:86400] (../src/nrf/nnrf-handler.c:445)
03/09 08:42:55.374: [nrf] INFO: [0611a600-ddf1-41ee-b83b-3335fcd424ff] Subscription created until 2024-03-10T08:42:55.374087+00:00 [validity_duration:86400] (../src/nrf/nnrf-handler.c:445)
03/09 08:42:55.855: [nrf] INFO: [06566c0e-ddf1-41ee-bf3f-f9e2dbe98690] NF registered [Heartbeat:10s] (../src/nrf/nf-sm.c:190)
03/09 08:42:55.858: [nrf] INFO: [065b8284-ddf1-41ee-b83b-3335fcd424ff] Subscription created until 2024-03-10T08:42:55.858152+00:00 [validity_duration:86400] (../src/nrf/nnrf-handler.c:445)
03/09 08:42:55.859: [nrf] INFO: [065ba8b8-ddf1-41ee-b83b-3335fcd424ff] Subscription created until 2024-03-10T08:42:55.859129+00:00 [validity_duration:86400] (../src/nrf/nnrf-handler.c:445)
03/09 08:42:55.859: [nrf] INFO: [065bc44c-ddf1-41ee-b83b-3335fcd424ff] Subscription created until 2024-03-10T08:42:55.859836+00:00 [validity_duration:86400] (../src/nrf/nnrf-handler.c:445)
03/09 08:42:55.860: [nrf] INFO: [065bcc76-ddf1-41ee-b83b-3335fcd424ff] Subscription created until 2024-03-10T08:42:55.860040+00:00 [validity_duration:86400] (../src/nrf/nnrf-handler.c:445)
03/09 08:42:55.860: [nrf] INFO: [065be562-ddf1-41ee-b83b-3335fcd424ff] Subscription created until 2024-03-10T08:42:55.860679+00:00 [validity_duration:86400] (../src/nrf/nnrf-handler.c:445)
03/09 08:42:55.860: [nrf] INFO: [065bec9c-ddf1-41ee-b83b-3335fcd424ff] Subscription created until 2024-03-10T08:42:55.860862+00:00 [validity_duration:86400] (../src/nrf/nnrf-handler.c:445)
03/09 08:42:55.861: [nrf] INFO: [065bf570-ddf1-41ee-b83b-3335fcd424ff] Subscription created until 2024-03-10T08:42:55.861087+00:00 [validity_duration:86400] (../src/nrf/nnrf-handler.c:445)
03/09 08:42:56.512: [nrf] INFO: [06b50f5c-ddf1-41ee-8808-fb01ac710687] NF registered [Heartbeat:10s] (../src/nrf/nf-sm.c:190)
03/09 08:42:56.514: [nrf] INFO: [06bfb768-ddf1-41ee-b83b-3335fcd424ff] Subscription created until 2024-03-10T08:42:56.514867+00:00 [validity_duration:86400] (../src/nrf/nnrf-handler.c:445)
03/09 08:42:56.515: [nrf] INFO: [06bfc5c8-ddf1-41ee-b83b-3335fcd424ff] Subscription created until 2024-03-10T08:42:56.515231+00:00 [validity_duration:86400] (../src/nrf/nnrf-handler.c:445)
03/09 08:42:56.515: [nrf] INFO: [06bfca00-ddf1-41ee-b83b-3335fcd424ff] Subscription created until 2024-03-10T08:42:56.515337+00:00 [validity_duration:86400] (../src/nrf/nnrf-handler.c:445)
03/09 08:42:56.515: [nrf] INFO: [06bfd270-ddf1-41ee-b83b-3335fcd424ff] Subscription created until 2024-03-10T08:42:56.515555+00:00 [validity_duration:86400] (../src/nrf/nnrf-handler.c:445)
03/09 08:42:56.515: [nrf] INFO: [06bfddba-ddf1-41ee-b83b-3335fcd424ff] Subscription created until 2024-03-10T08:42:56.515844+00:00 [validity_duration:86400] (../src/nrf/nnrf-handler.c:445)
03/09 08:43:05.268: [nrf] INFO: [0bf6d19e-ddf1-41ee-9d5f-1b2fe0004551] NF registered [Heartbeat:10s] (../src/nrf/nf-sm.c:190)
03/09 08:43:05.274: [nrf] INFO: [0bf85f0a-ddf1-41ee-b83b-3335fcd424ff] Subscription created until 2024-03-10T08:43:05.274768+00:00 [validity_duration:86400] (../src/nrf/nnrf-handler.c:445)
03/09 08:43:05.610: [nrf] INFO: [0c2a26c0-ddf1-41ee-979e-1f2175ecd3e6] NF registered [Heartbeat:10s] (../src/nrf/nf-sm.c:190)
03/09 08:43:05.611: [nrf] INFO: [0c2bd182-ddf1-41ee-b83b-3335fcd424ff] Subscription created until 2024-03-10T08:43:05.611931+00:00 [validity_duration:86400] (../src/nrf/nnrf-handler.c:445)
03/09 08:43:05.624: [nrf] INFO: [0c2d1dbc-ddf1-41ee-b861-1be7614889bd] NF registered [Heartbeat:10s] (../src/nrf/nf-sm.c:190)
03/09 08:43:05.631: [nrf] INFO: [0c2ed33c-ddf1-41ee-b83b-3335fcd424ff] Subscription created until 2024-03-10T08:43:05.631636+00:00 [validity_duration:86400] (../src/nrf/nnrf-handler.c:445)
03/09 08:43:05.631: [nrf] INFO: [0c2edbb6-ddf1-41ee-b83b-3335fcd424ff] Subscription created until 2024-03-10T08:43:05.631848+00:00 [validity_duration:86400] (../src/nrf/nnrf-handler.c:445)
03/09 08:43:05.631: [nrf] INFO: [0c2ede7c-ddf1-41ee-b83b-3335fcd424ff] Subscription created until 2024-03-10T08:43:05.631915+00:00 [validity_duration:86400] (../src/nrf/nnrf-handler.c:445)
